<?xml version="1.0" encoding="UTF-8"?>
<!-- Generated by org.testng.reporters.JUnitReportReporter -->
<testsuite hostname="mlyadav" failures="0" tests="1" name="mavenproject.ChromeTest" time="14.929" errors="0" timestamp="20 Aug 2019 20:23:57 GMT" skipped="0">
  <testcase classname="mavenproject.ChromeTest" name="LaunchChrome_Method1" time="14.929"/>
</testsuite> <!-- mavenproject.ChromeTest -->
