<?xml version="1.0" encoding="UTF-8"?>
<!-- Generated by org.testng.reporters.JUnitReportReporter -->
<testsuite hostname="mlyadav" failures="0" tests="1" name="mavenproject.MavenProject.ChromeTest" time="12.435" errors="0" timestamp="06 Aug 2019 15:22:34 GMT" skipped="0">
  <testcase classname="mavenproject.MavenProject.ChromeTest" name="LaunchChrome_Method1" time="12.435"/>
</testsuite> <!-- mavenproject.MavenProject.ChromeTest -->
