<?xml version="1.0" encoding="UTF-8"?>
<!-- Generated by org.testng.reporters.JUnitReportReporter -->
<testsuite hostname="mlyadav" failures="0" tests="1" name="mavenproject.NewTest" time="29.426" errors="0" timestamp="21 Aug 2019 12:44:20 GMT" skipped="0">
  <testcase classname="mavenproject.NewTest" name="openMyBlog" time="29.426"/>
</testsuite> <!-- mavenproject.NewTest -->
